# JRE version: OpenJDK Runtime Environment (8.0_242-b01) (build 1.8.0_242-release-1644-b01)
# Java VM: OpenJDK 64-Bit Server VM (25.242-b01 mixed mode windows-amd64 compressed oops)
Heap:
 PSYoungGen      total 82432K, used 41588K [0x00000000d5c00000, 0x00000000dd780000, 0x0000000100000000)
  eden space 66048K, 62% used [0x00000000d5c00000,0x00000000d849d190,0x00000000d9c80000)
  from space 16384K, 0% used [0x00000000dac00000,0x00000000dac00000,0x00000000dbc00000)
  to   space 15872K, 0% used [0x00000000d9c80000,0x00000000d9c80000,0x00000000dac00000)
 ParOldGen       total 118272K, used 17625K [0x0000000081400000, 0x0000000088780000, 0x00000000d5c00000)
  object space 118272K, 14% used [0x0000000081400000,0x00000000825366e0,0x0000000088780000)
 Metaspace       used 38791K, capacity 39448K, committed 39936K, reserved 1083392K
  class space    used 4846K, capacity 4995K, committed 5120K, reserved 1048576K
GC Heap History (10 events):
Event: 3.697 GC heap before
{Heap before GC invocations=4 (full 1):
 PSYoungGen      total 38400K, used 5097K [0x00000000d5c00000, 0x00000000da700000, 0x0000000100000000)
  eden space 33280K, 0% used [0x00000000d5c00000,0x00000000d5c00000,0x00000000d7c80000)
  from space 5120K, 99% used [0x00000000d7c80000,0x00000000d817a660,0x00000000d8180000)
  to   space 5120K, 0% used [0x00000000da200000,0x00000000da200000,0x00000000da700000)
 ParOldGen       total 87552K, used 11575K [0x0000000081400000, 0x0000000086980000, 0x00000000d5c00000)
  object space 87552K, 13% used [0x0000000081400000,0x0000000081f4dee0,0x0000000086980000)
 Metaspace       used 20778K, capacity 21212K, committed 21248K, reserved 1069056K
  class space    used 2412K, capacity 2558K, committed 2560K, reserved 1048576K
Event: 3.767 GC heap after
Heap after GC invocations=4 (full 1):
 PSYoungGen      total 38400K, used 0K [0x00000000d5c00000, 0x00000000da700000, 0x0000000100000000)
  eden space 33280K, 0% used [0x00000000d5c00000,0x00000000d5c00000,0x00000000d7c80000)
  from space 5120K, 0% used [0x00000000d7c80000,0x00000000d7c80000,0x00000000d8180000)
  to   space 5120K, 0% used [0x00000000da200000,0x00000000da200000,0x00000000da700000)
 ParOldGen       total 68608K, used 9140K [0x0000000081400000, 0x0000000085700000, 0x00000000d5c00000)
  object space 68608K, 13% used [0x0000000081400000,0x0000000081ced008,0x0000000085700000)
 Metaspace       used 20778K, capacity 21212K, committed 21248K, reserved 1069056K
  class space    used 2412K, capacity 2558K, committed 2560K, reserved 1048576K
}
Event: 4.968 GC heap before
{Heap before GC invocations=5 (full 1):
 PSYoungGen      total 38400K, used 33280K [0x00000000d5c00000, 0x00000000da700000, 0x0000000100000000)
  eden space 33280K, 100% used [0x00000000d5c00000,0x00000000d7c80000,0x00000000d7c80000)
  from space 5120K, 0% used [0x00000000d7c80000,0x00000000d7c80000,0x00000000d8180000)
  to   space 5120K, 0% used [0x00000000da200000,0x00000000da200000,0x00000000da700000)
 ParOldGen       total 68608K, used 9140K [0x0000000081400000, 0x0000000085700000, 0x00000000d5c00000)
  object space 68608K, 13% used [0x0000000081400000,0x0000000081ced008,0x0000000085700000)
 Metaspace       used 23804K, capacity 24278K, committed 24448K, reserved 1071104K
  class space    used 2805K, capacity 2933K, committed 2944K, reserved 1048576K
Event: 4.982 GC heap after
Heap after GC invocations=5 (full 1):
 PSYoungGen      total 51712K, used 5116K [0x00000000d5c00000, 0x00000000da700000, 0x0000000100000000)
  eden space 46592K, 0% used [0x00000000d5c00000,0x00000000d5c00000,0x00000000d8980000)
  from space 5120K, 99% used [0x00000000da200000,0x00000000da6ff3d8,0x00000000da700000)
  to   space 5120K, 0% used [0x00000000d9d00000,0x00000000d9d00000,0x00000000da200000)
 ParOldGen       total 68608K, used 11101K [0x0000000081400000, 0x0000000085700000, 0x00000000d5c00000)
  object space 68608K, 16% used [0x0000000081400000,0x0000000081ed7640,0x0000000085700000)
 Metaspace       used 23804K, capacity 24278K, committed 24448K, reserved 1071104K
  class space    used 2805K, capacity 2933K, committed 2944K, reserved 1048576K
}
Event: 6.910 GC heap before
{Heap before GC invocations=6 (full 1):
 PSYoungGen      total 51712K, used 51708K [0x00000000d5c00000, 0x00000000da700000, 0x0000000100000000)
  eden space 46592K, 100% used [0x00000000d5c00000,0x00000000d8980000,0x00000000d8980000)
  from space 5120K, 99% used [0x00000000da200000,0x00000000da6ff3d8,0x00000000da700000)
  to   space 5120K, 0% used [0x00000000d9d00000,0x00000000d9d00000,0x00000000da200000)
 ParOldGen       total 68608K, used 11101K [0x0000000081400000, 0x0000000085700000, 0x00000000d5c00000)
  object space 68608K, 16% used [0x0000000081400000,0x0000000081ed7640,0x0000000085700000)
 Metaspace       used 32156K, capacity 32740K, committed 33152K, reserved 1079296K
  class space    used 4024K, capacity 4189K, committed 4224K, reserved 1048576K
Event: 6.941 GC heap after
Heap after GC invocations=6 (full 1):
 PSYoungGen      total 70656K, used 5091K [0x00000000d5c00000, 0x00000000dbc00000, 0x0000000100000000)
  eden space 65536K, 0% used [0x00000000d5c00000,0x00000000d5c00000,0x00000000d9c00000)
  from space 5120K, 99% used [0x00000000d9d00000,0x00000000da1f8c70,0x00000000da200000)
  to   space 16384K, 0% used [0x00000000dac00000,0x00000000dac00000,0x00000000dbc00000)
 ParOldGen       total 68608K, used 23479K [0x0000000081400000, 0x0000000085700000, 0x00000000d5c00000)
  object space 68608K, 34% used [0x0000000081400000,0x0000000082aedc48,0x0000000085700000)
 Metaspace       used 32156K, capacity 32740K, committed 33152K, reserved 1079296K
  class space    used 4024K, capacity 4189K, committed 4224K, reserved 1048576K
}
Event: 7.578 GC heap before
{Heap before GC invocations=7 (full 1):
 PSYoungGen      total 70656K, used 19316K [0x00000000d5c00000, 0x00000000dbc00000, 0x0000000100000000)
  eden space 65536K, 21% used [0x00000000d5c00000,0x00000000d69e4750,0x00000000d9c00000)
  from space 5120K, 99% used [0x00000000d9d00000,0x00000000da1f8c70,0x00000000da200000)
  to   space 16384K, 0% used [0x00000000dac00000,0x00000000dac00000,0x00000000dbc00000)
 ParOldGen       total 68608K, used 23479K [0x0000000081400000, 0x0000000085700000, 0x00000000d5c00000)
  object space 68608K, 34% used [0x0000000081400000,0x0000000082aedc48,0x0000000085700000)
 Metaspace       used 34544K, capacity 35060K, committed 35416K, reserved 1081344K
  class space    used 4375K, capacity 4513K, committed 4608K, reserved 1048576K
Event: 7.591 GC heap after
Heap after GC invocations=7 (full 1):
 PSYoungGen      total 82432K, used 8428K [0x00000000d5c00000, 0x00000000dd780000, 0x0000000100000000)
  eden space 66048K, 0% used [0x00000000d5c00000,0x00000000d5c00000,0x00000000d9c80000)
  from space 16384K, 51% used [0x00000000dac00000,0x00000000db43b278,0x00000000dbc00000)
  to   space 15872K, 0% used [0x00000000d9c80000,0x00000000d9c80000,0x00000000dac00000)
 ParOldGen       total 68608K, used 23487K [0x0000000081400000, 0x0000000085700000, 0x00000000d5c00000)
  object space 68608K, 34% used [0x0000000081400000,0x0000000082aefc48,0x0000000085700000)
 Metaspace       used 34544K, capacity 35060K, committed 35416K, reserved 1081344K
  class space    used 4375K, capacity 4513K, committed 4608K, reserved 1048576K
}
Event: 7.591 GC heap before
{Heap before GC invocations=8 (full 2):
 PSYoungGen      total 82432K, used 8428K [0x00000000d5c00000, 0x00000000dd780000, 0x0000000100000000)
  eden space 66048K, 0% used [0x00000000d5c00000,0x00000000d5c00000,0x00000000d9c80000)
  from space 16384K, 51% used [0x00000000dac00000,0x00000000db43b278,0x00000000dbc00000)
  to   space 15872K, 0% used [0x00000000d9c80000,0x00000000d9c80000,0x00000000dac00000)
 ParOldGen       total 68608K, used 23487K [0x0000000081400000, 0x0000000085700000, 0x00000000d5c00000)
  object space 68608K, 34% used [0x0000000081400000,0x0000000082aefc48,0x0000000085700000)
 Metaspace       used 34544K, capacity 35060K, committed 35416K, reserved 1081344K
  class space    used 4375K, capacity 4513K, committed 4608K, reserved 1048576K
Event: 7.727 GC heap after
Heap after GC invocations=8 (full 2):
 PSYoungGen      total 82432K, used 0K [0x00000000d5c00000, 0x00000000dd780000, 0x0000000100000000)
  eden space 66048K, 0% used [0x00000000d5c00000,0x00000000d5c00000,0x00000000d9c80000)
  from space 16384K, 0% used [0x00000000dac00000,0x00000000dac00000,0x00000000dbc00000)
  to   space 15872K, 0% used [0x00000000d9c80000,0x00000000d9c80000,0x00000000dac00000)
 ParOldGen       total 118272K, used 17625K [0x0000000081400000, 0x0000000088780000, 0x00000000d5c00000)
  object space 118272K, 14% used [0x0000000081400000,0x00000000825366e0,0x0000000088780000)
 Metaspace       used 34544K, capacity 35060K, committed 35416K, reserved 1081344K
  class space    used 4375K, capacity 4513K, committed 4608K, reserved 1048576K
}

