# JRE version: OpenJDK Runtime Environment (8.0_242-b01) (build 1.8.0_242-release-1644-b01)
# Java VM: OpenJDK 64-Bit Server VM (25.242-b01 mixed mode windows-amd64 compressed oops)
Heap:
 PSYoungGen      total 603136K, used 510711K [0x00000000d5580000, 0x0000000100000000, 0x0000000100000000)
  eden space 520704K, 86% used [0x00000000d5580000,0x00000000f0bc4388,0x00000000f5200000)
  from space 82432K, 75% used [0x00000000fab00000,0x00000000fe779a50,0x00000000ffb80000)
  to   space 89088K, 0% used [0x00000000f5200000,0x00000000f5200000,0x00000000fa900000)
 ParOldGen       total 331264K, used 142130K [0x0000000080000000, 0x0000000094380000, 0x00000000d5580000)
  object space 331264K, 42% used [0x0000000080000000,0x0000000088accab8,0x0000000094380000)
 Metaspace       used 275571K, capacity 285965K, committed 286156K, reserved 1298432K
  class space    used 34242K, capacity 36225K, committed 36352K, reserved 1048576K
GC Heap History (10 events):
Event: 7864.268 GC heap before
{Heap before GC invocations=47 (full 7):
 PSYoungGen      total 606720K, used 9027K [0x00000000d5580000, 0x00000000ffb00000, 0x0000000100000000)
  eden space 524800K, 0% used [0x00000000d5580000,0x00000000d5580000,0x00000000f5600000)
  from space 81920K, 11% used [0x00000000fab00000,0x00000000fb3d0d08,0x00000000ffb00000)
  to   space 84480K, 0% used [0x00000000f5600000,0x00000000f5600000,0x00000000fa880000)
 ParOldGen       total 331264K, used 124221K [0x0000000080000000, 0x0000000094380000, 0x00000000d5580000)
  object space 331264K, 37% used [0x0000000080000000,0x000000008794f630,0x0000000094380000)
 Metaspace       used 205587K, capacity 213611K, committed 214476K, reserved 1236992K
  class space    used 25878K, capacity 27385K, committed 27648K, reserved 1048576K
Event: 7869.641 GC heap after
Heap after GC invocations=47 (full 7):
 PSYoungGen      total 606720K, used 0K [0x00000000d5580000, 0x00000000ffb00000, 0x0000000100000000)
  eden space 524800K, 0% used [0x00000000d5580000,0x00000000d5580000,0x00000000f5600000)
  from space 81920K, 0% used [0x00000000fab00000,0x00000000fab00000,0x00000000ffb00000)
  to   space 84480K, 0% used [0x00000000f5600000,0x00000000f5600000,0x00000000fa880000)
 ParOldGen       total 331264K, used 116107K [0x0000000080000000, 0x0000000094380000, 0x00000000d5580000)
  object space 331264K, 35% used [0x0000000080000000,0x0000000087162f28,0x0000000094380000)
 Metaspace       used 204800K, capacity 212269K, committed 214476K, reserved 1236992K
  class space    used 25739K, capacity 27130K, committed 27648K, reserved 1048576K
}
Event: 7948.258 GC heap before
{Heap before GC invocations=48 (full 7):
 PSYoungGen      total 606720K, used 524800K [0x00000000d5580000, 0x00000000ffb00000, 0x0000000100000000)
  eden space 524800K, 100% used [0x00000000d5580000,0x00000000f5600000,0x00000000f5600000)
  from space 81920K, 0% used [0x00000000fab00000,0x00000000fab00000,0x00000000ffb00000)
  to   space 84480K, 0% used [0x00000000f5600000,0x00000000f5600000,0x00000000fa880000)
 ParOldGen       total 331264K, used 116107K [0x0000000080000000, 0x0000000094380000, 0x00000000d5580000)
  object space 331264K, 35% used [0x0000000080000000,0x0000000087162f28,0x0000000094380000)
 Metaspace       used 224865K, capacity 233269K, committed 234188K, reserved 1253376K
  class space    used 28005K, capacity 29561K, committed 29696K, reserved 1048576K
Event: 7948.813 GC heap after
Heap after GC invocations=48 (full 7):
 PSYoungGen      total 609280K, used 35796K [0x00000000d5580000, 0x00000000ffe80000, 0x0000000100000000)
  eden space 524800K, 0% used [0x00000000d5580000,0x00000000d5580000,0x00000000f5600000)
  from space 84480K, 42% used [0x00000000f5600000,0x00000000f78f50e0,0x00000000fa880000)
  to   space 82432K, 0% used [0x00000000fae00000,0x00000000fae00000,0x00000000ffe80000)
 ParOldGen       total 331264K, used 116115K [0x0000000080000000, 0x0000000094380000, 0x00000000d5580000)
  object space 331264K, 35% used [0x0000000080000000,0x0000000087164f28,0x0000000094380000)
 Metaspace       used 224865K, capacity 233269K, committed 234188K, reserved 1253376K
  class space    used 28005K, capacity 29561K, committed 29696K, reserved 1048576K
}
Event: 7978.841 GC heap before
{Heap before GC invocations=49 (full 7):
 PSYoungGen      total 609280K, used 560596K [0x00000000d5580000, 0x00000000ffe80000, 0x0000000100000000)
  eden space 524800K, 100% used [0x00000000d5580000,0x00000000f5600000,0x00000000f5600000)
  from space 84480K, 42% used [0x00000000f5600000,0x00000000f78f50e0,0x00000000fa880000)
  to   space 82432K, 0% used [0x00000000fae00000,0x00000000fae00000,0x00000000ffe80000)
 ParOldGen       total 331264K, used 116115K [0x0000000080000000, 0x0000000094380000, 0x00000000d5580000)
  object space 331264K, 35% used [0x0000000080000000,0x0000000087164f28,0x0000000094380000)
 Metaspace       used 265390K, capacity 274493K, committed 275404K, reserved 1290240K
  class space    used 32889K, capacity 34637K, committed 34816K, reserved 1048576K
Event: 7978.957 GC heap after
Heap after GC invocations=49 (full 7):
 PSYoungGen      total 607232K, used 55328K [0x00000000d5580000, 0x0000000100000000, 0x0000000100000000)
  eden space 524800K, 0% used [0x00000000d5580000,0x00000000d5580000,0x00000000f5600000)
  from space 82432K, 67% used [0x00000000fae00000,0x00000000fe408178,0x00000000ffe80000)
  to   space 87040K, 0% used [0x00000000f5600000,0x00000000f5600000,0x00000000fab00000)
 ParOldGen       total 331264K, used 125899K [0x0000000080000000, 0x0000000094380000, 0x00000000d5580000)
  object space 331264K, 38% used [0x0000000080000000,0x0000000087af2c98,0x0000000094380000)
 Metaspace       used 265390K, capacity 274493K, committed 275404K, reserved 1290240K
  class space    used 32889K, capacity 34637K, committed 34816K, reserved 1048576K
}
Event: 7993.139 GC heap before
{Heap before GC invocations=50 (full 7):
 PSYoungGen      total 607232K, used 580128K [0x00000000d5580000, 0x0000000100000000, 0x0000000100000000)
  eden space 524800K, 100% used [0x00000000d5580000,0x00000000f5600000,0x00000000f5600000)
  from space 82432K, 67% used [0x00000000fae00000,0x00000000fe408178,0x00000000ffe80000)
  to   space 87040K, 0% used [0x00000000f5600000,0x00000000f5600000,0x00000000fab00000)
 ParOldGen       total 331264K, used 125899K [0x0000000080000000, 0x0000000094380000, 0x00000000d5580000)
  object space 331264K, 38% used [0x0000000080000000,0x0000000087af2c98,0x0000000094380000)
 Metaspace       used 275070K, capacity 285417K, committed 285644K, reserved 1298432K
  class space    used 34194K, capacity 36169K, committed 36352K, reserved 1048576K
Event: 7993.682 GC heap after
Heap after GC invocations=50 (full 7):
 PSYoungGen      total 611840K, used 34076K [0x00000000d5580000, 0x00000000ffb80000, 0x0000000100000000)
  eden space 524800K, 0% used [0x00000000d5580000,0x00000000d5580000,0x00000000f5600000)
  from space 87040K, 39% used [0x00000000f5600000,0x00000000f77472d8,0x00000000fab00000)
  to   space 82432K, 0% used [0x00000000fab00000,0x00000000fab00000,0x00000000ffb80000)
 ParOldGen       total 331264K, used 134957K [0x0000000080000000, 0x0000000094380000, 0x00000000d5580000)
  object space 331264K, 40% used [0x0000000080000000,0x00000000883cb7b0,0x0000000094380000)
 Metaspace       used 275070K, capacity 285417K, committed 285644K, reserved 1298432K
  class space    used 34194K, capacity 36169K, committed 36352K, reserved 1048576K
}
Event: 8006.892 GC heap before
{Heap before GC invocations=51 (full 7):
 PSYoungGen      total 611840K, used 558876K [0x00000000d5580000, 0x00000000ffb80000, 0x0000000100000000)
  eden space 524800K, 100% used [0x00000000d5580000,0x00000000f5600000,0x00000000f5600000)
  from space 87040K, 39% used [0x00000000f5600000,0x00000000f77472d8,0x00000000fab00000)
  to   space 82432K, 0% used [0x00000000fab00000,0x00000000fab00000,0x00000000ffb80000)
 ParOldGen       total 331264K, used 134957K [0x0000000080000000, 0x0000000094380000, 0x00000000d5580000)
  object space 331264K, 40% used [0x0000000080000000,0x00000000883cb7b0,0x0000000094380000)
 Metaspace       used 275359K, capacity 285779K, committed 286156K, reserved 1298432K
  class space    used 34232K, capacity 36216K, committed 36352K, reserved 1048576K
Event: 8007.457 GC heap after
Heap after GC invocations=51 (full 7):
 PSYoungGen      total 603136K, used 61926K [0x00000000d5580000, 0x0000000100000000, 0x0000000100000000)
  eden space 520704K, 0% used [0x00000000d5580000,0x00000000d5580000,0x00000000f5200000)
  from space 82432K, 75% used [0x00000000fab00000,0x00000000fe779a50,0x00000000ffb80000)
  to   space 89088K, 0% used [0x00000000f5200000,0x00000000f5200000,0x00000000fa900000)
 ParOldGen       total 331264K, used 142130K [0x0000000080000000, 0x0000000094380000, 0x00000000d5580000)
  object space 331264K, 42% used [0x0000000080000000,0x0000000088accab8,0x0000000094380000)
 Metaspace       used 275359K, capacity 285779K, committed 286156K, reserved 1298432K
  class space    used 34232K, capacity 36216K, committed 36352K, reserved 1048576K
}

